=== BACKLOG ===

1 STRONA GŁÓWNA

Dodano główną stronę z nawigacją do osób, wydarzeń oraz generatora QR.

2 PODSTRONA „POPULARNE OSOBY”

Dodano listę osób z działającą wyszukiwarką.

Kliknięcie w osobę otwiera jej dedykowaną stronę.

Każda strona osoby zawiera:
• zdjęcie
• opis / historię
• mapę z oznaczoną ławką dedykowaną tej osobie

3 PODSTRONA „WYDARZENIA”

Dodano listę wydarzeń.

Każde wydarzenie zawiera:
• miejsce
• godzinę
• opis aktywności
• mapę z dokładną lokalizacją wydarzenia

4 GENERATOR QR TEMPLATE

Dodano podstronę generatora.

Można wybrać kategorię z listy.

Po wybraniu elementu automatycznie generowana jest karta z:
• nazwą wybranego elementu
• kodem QR gotowym do wydrukowania

5 MAPY (Leaflet)

Zintegrowano Leaflet na stronach osób i wydarzeń.

Dodano znaczniki przedstawiające lokalizacje ławek i eventów.

=== KONIEC  BACKLOGU ===